# This is the CMakeCache file.
# For build in directory: /Users/wlruys/syncthing/workspace/scikit-build/test_project/build
# It was generated by CMake: /opt/homebrew/Cellar/cmake/3.27.7/bin/cmake
# You can edit this file to change values found and used by cmake.
# If you do not want to change any of the values, simply exit the editor.
# If you do want to change a value, simply edit, save, and exit the editor.
# The syntax for the file is as follows:
# KEY:TYPE=VALUE
# KEY is the name of a variable in the cache.
# TYPE is a hint to GUIs for the type of VALUE, DO NOT EDIT TYPE!.
# VALUE is the current value for the KEY.

########################
# EXTERNAL cache entries
########################

//Path to a program.
CMAKE_ADDR2LINE:FILEPATH=CMAKE_ADDR2LINE-NOTFOUND

//Path to a program.
CMAKE_AR:FILEPATH=/Library/Developer/CommandLineTools/usr/bin/ar

//No help, variable specified on the command line.
CMAKE_BUILD_TYPE:STRING=Release

//Enable/Disable color output during build.
CMAKE_COLOR_MAKEFILE:BOOL=ON

//CXX compiler
CMAKE_CXX_COMPILER:FILEPATH=/Library/Developer/CommandLineTools/usr/bin/c++

//Flags used by the CXX compiler during all build types.
CMAKE_CXX_FLAGS:STRING=

//Flags used by the CXX compiler during DEBUG builds.
CMAKE_CXX_FLAGS_DEBUG:STRING=-g

//Flags used by the CXX compiler during MINSIZEREL builds.
CMAKE_CXX_FLAGS_MINSIZEREL:STRING=-Os -DNDEBUG

//Flags used by the CXX compiler during RELEASE builds.
CMAKE_CXX_FLAGS_RELEASE:STRING=-O3 -DNDEBUG

//Flags used by the CXX compiler during RELWITHDEBINFO builds.
CMAKE_CXX_FLAGS_RELWITHDEBINFO:STRING=-O2 -g -DNDEBUG

//Path to a program.
CMAKE_DLLTOOL:FILEPATH=CMAKE_DLLTOOL-NOTFOUND

//Flags used by the linker during all build types.
CMAKE_EXE_LINKER_FLAGS:STRING=

//Flags used by the linker during DEBUG builds.
CMAKE_EXE_LINKER_FLAGS_DEBUG:STRING=

//Flags used by the linker during MINSIZEREL builds.
CMAKE_EXE_LINKER_FLAGS_MINSIZEREL:STRING=

//Flags used by the linker during RELEASE builds.
CMAKE_EXE_LINKER_FLAGS_RELEASE:STRING=

//Flags used by the linker during RELWITHDEBINFO builds.
CMAKE_EXE_LINKER_FLAGS_RELWITHDEBINFO:STRING=

//Enable/Disable output of compile commands during generation.
CMAKE_EXPORT_COMPILE_COMMANDS:BOOL=

//Value Computed by CMake.
CMAKE_FIND_PACKAGE_REDIRECTS_DIR:STATIC=/Users/wlruys/syncthing/workspace/scikit-build/test_project/build/CMakeFiles/pkgRedirects

CMAKE_FIND_ROOT_PATH_MODE_PACKAGE:PATH=BOTH

//Path to a program.
CMAKE_INSTALL_NAME_TOOL:FILEPATH=/usr/bin/install_name_tool

//Install path prefix, prepended onto install directories.
CMAKE_INSTALL_PREFIX:PATH=/usr/local

//Path to a program.
CMAKE_LINKER:FILEPATH=/Library/Developer/CommandLineTools/usr/bin/ld

//No help, variable specified on the command line.
CMAKE_MAKE_PROGRAM:UNINITIALIZED=/usr/bin/make

//Flags used by the linker during the creation of modules during
// all build types.
CMAKE_MODULE_LINKER_FLAGS:STRING=

//Flags used by the linker during the creation of modules during
// DEBUG builds.
CMAKE_MODULE_LINKER_FLAGS_DEBUG:STRING=

//Flags used by the linker during the creation of modules during
// MINSIZEREL builds.
CMAKE_MODULE_LINKER_FLAGS_MINSIZEREL:STRING=

//Flags used by the linker during the creation of modules during
// RELEASE builds.
CMAKE_MODULE_LINKER_FLAGS_RELEASE:STRING=

//Flags used by the linker during the creation of modules during
// RELWITHDEBINFO builds.
CMAKE_MODULE_LINKER_FLAGS_RELWITHDEBINFO:STRING=

//Path to a program.
CMAKE_NM:FILEPATH=/Library/Developer/CommandLineTools/usr/bin/nm

//Path to a program.
CMAKE_OBJCOPY:FILEPATH=CMAKE_OBJCOPY-NOTFOUND

//Path to a program.
CMAKE_OBJDUMP:FILEPATH=/Library/Developer/CommandLineTools/usr/bin/objdump

//Build architectures for OSX
CMAKE_OSX_ARCHITECTURES:STRING=

//Minimum OS X version to target for deployment (at runtime); newer
// APIs weak linked. Set to empty string for default value.
CMAKE_OSX_DEPLOYMENT_TARGET:STRING=

//The product will be built against the headers and libraries located
// inside the indicated SDK.
CMAKE_OSX_SYSROOT:PATH=/Library/Developer/CommandLineTools/SDKs/MacOSX14.0.sdk

CMAKE_PREFIX_PATH:PATH=/Users/wlruys/micromamba/envs/311/lib/python3.11/site-packages

//Value Computed by CMake
CMAKE_PROJECT_DESCRIPTION:STATIC=

//Value Computed by CMake
CMAKE_PROJECT_HOMEPAGE_URL:STATIC=

//Value Computed by CMake
CMAKE_PROJECT_NAME:STATIC=example

//Path to a program.
CMAKE_RANLIB:FILEPATH=/Library/Developer/CommandLineTools/usr/bin/ranlib

//Path to a program.
CMAKE_READELF:FILEPATH=CMAKE_READELF-NOTFOUND

//Flags used by the linker during the creation of shared libraries
// during all build types.
CMAKE_SHARED_LINKER_FLAGS:STRING=

//Flags used by the linker during the creation of shared libraries
// during DEBUG builds.
CMAKE_SHARED_LINKER_FLAGS_DEBUG:STRING=

//Flags used by the linker during the creation of shared libraries
// during MINSIZEREL builds.
CMAKE_SHARED_LINKER_FLAGS_MINSIZEREL:STRING=

//Flags used by the linker during the creation of shared libraries
// during RELEASE builds.
CMAKE_SHARED_LINKER_FLAGS_RELEASE:STRING=

//Flags used by the linker during the creation of shared libraries
// during RELWITHDEBINFO builds.
CMAKE_SHARED_LINKER_FLAGS_RELWITHDEBINFO:STRING=

//If set, runtime paths are not added when installing shared libraries,
// but are added when building.
CMAKE_SKIP_INSTALL_RPATH:BOOL=NO

//If set, runtime paths are not added when using shared libraries.
CMAKE_SKIP_RPATH:BOOL=NO

//Flags used by the linker during the creation of static libraries
// during all build types.
CMAKE_STATIC_LINKER_FLAGS:STRING=

//Flags used by the linker during the creation of static libraries
// during DEBUG builds.
CMAKE_STATIC_LINKER_FLAGS_DEBUG:STRING=

//Flags used by the linker during the creation of static libraries
// during MINSIZEREL builds.
CMAKE_STATIC_LINKER_FLAGS_MINSIZEREL:STRING=

//Flags used by the linker during the creation of static libraries
// during RELEASE builds.
CMAKE_STATIC_LINKER_FLAGS_RELEASE:STRING=

//Flags used by the linker during the creation of static libraries
// during RELWITHDEBINFO builds.
CMAKE_STATIC_LINKER_FLAGS_RELWITHDEBINFO:STRING=

//Path to a program.
CMAKE_STRIP:FILEPATH=/Library/Developer/CommandLineTools/usr/bin/strip

//Path to a program.
CMAKE_TAPI:FILEPATH=/Library/Developer/CommandLineTools/usr/bin/tapi

//If this value is on, makefiles will be generated without the
// .SILENT directive, and all commands will be echoed to the console
// during the make.  This is useful for debugging only. With Visual
// Studio IDE projects all commands are done without /nologo.
CMAKE_VERBOSE_MAKEFILE:BOOL=FALSE

//Path to a program.
CYTHON:FILEPATH=/Users/wlruys/micromamba/envs/311/bin/cython

PYTHON_EXECUTABLE:STRING=/Users/wlruys/micromamba/envs/311/bin/python3.11

PYTHON_INCLUDE_DIR:PATH=/Users/wlruys/micromamba/envs/311/include/python3.11

Python3_EXECUTABLE:STRING=/Users/wlruys/micromamba/envs/311/bin/python3.11

Python3_FIND_REGISTRY:STRING=NEVER

Python3_INCLUDE_DIR:PATH=/Users/wlruys/micromamba/envs/311/include/python3.11

Python3_NumPy_INCLUDE_DIR:PATH=/Users/wlruys/micromamba/envs/311/lib/python3.11/site-packages/numpy/core/include

Python3_ROOT_DIR:STRING=/Users/wlruys/micromamba/envs/311

Python_EXECUTABLE:STRING=/Users/wlruys/micromamba/envs/311/bin/python3.11

Python_FIND_REGISTRY:STRING=NEVER

Python_INCLUDE_DIR:PATH=/Users/wlruys/micromamba/envs/311/include/python3.11

Python_NumPy_INCLUDE_DIR:PATH=/Users/wlruys/micromamba/envs/311/lib/python3.11/site-packages/numpy/core/include

Python_ROOT_DIR:STRING=/Users/wlruys/micromamba/envs/311

SKBUILD:STRING=2

SKBUILD_CORE_VERSION:STRING=0.6.0

SKBUILD_DATA_DIR:PATH=/var/folders/m4/yhfhyrzd1g9_n_n17jtzc8tm0000gn/T/tmpztlgue3g/wheel/data

SKBUILD_HEADERS_DIR:PATH=/var/folders/m4/yhfhyrzd1g9_n_n17jtzc8tm0000gn/T/tmpztlgue3g/wheel/headers

SKBUILD_NULL_DIR:PATH=/var/folders/m4/yhfhyrzd1g9_n_n17jtzc8tm0000gn/T/tmpztlgue3g/wheel/null

SKBUILD_PLATLIB_DIR:PATH=/var/folders/m4/yhfhyrzd1g9_n_n17jtzc8tm0000gn/T/tmpztlgue3g/wheel/platlib

SKBUILD_PROJECT_NAME:STRING=example

SKBUILD_PROJECT_VERSION:STRING=0.0.1

SKBUILD_SABI_COMPONENT:STRING=

SKBUILD_SCRIPTS_DIR:PATH=/var/folders/m4/yhfhyrzd1g9_n_n17jtzc8tm0000gn/T/tmpztlgue3g/wheel/scripts

SKBUILD_SOABI:STRING=cpython-311-darwin

SKBUILD_STATE:STRING=editable

//Value Computed by CMake
example_BINARY_DIR:STATIC=/Users/wlruys/syncthing/workspace/scikit-build/test_project/build

//Value Computed by CMake
example_IS_TOP_LEVEL:STATIC=ON

//Value Computed by CMake
example_SOURCE_DIR:STATIC=/Users/wlruys/syncthing/workspace/scikit-build/test_project


########################
# INTERNAL cache entries
########################

//ADVANCED property for variable: CMAKE_ADDR2LINE
CMAKE_ADDR2LINE-ADVANCED:INTERNAL=1
//ADVANCED property for variable: CMAKE_AR
CMAKE_AR-ADVANCED:INTERNAL=1
//This is the directory where this CMakeCache.txt was created
CMAKE_CACHEFILE_DIR:INTERNAL=/Users/wlruys/syncthing/workspace/scikit-build/test_project/build
//Major version of cmake used to create the current loaded cache
CMAKE_CACHE_MAJOR_VERSION:INTERNAL=3
//Minor version of cmake used to create the current loaded cache
CMAKE_CACHE_MINOR_VERSION:INTERNAL=27
//Patch version of cmake used to create the current loaded cache
CMAKE_CACHE_PATCH_VERSION:INTERNAL=7
//ADVANCED property for variable: CMAKE_COLOR_MAKEFILE
CMAKE_COLOR_MAKEFILE-ADVANCED:INTERNAL=1
//Path to CMake executable.
CMAKE_COMMAND:INTERNAL=/opt/homebrew/Cellar/cmake/3.27.7/bin/cmake
//Path to cpack program executable.
CMAKE_CPACK_COMMAND:INTERNAL=/opt/homebrew/Cellar/cmake/3.27.7/bin/cpack
//Path to ctest program executable.
CMAKE_CTEST_COMMAND:INTERNAL=/opt/homebrew/Cellar/cmake/3.27.7/bin/ctest
//ADVANCED property for variable: CMAKE_CXX_COMPILER
CMAKE_CXX_COMPILER-ADVANCED:INTERNAL=1
//ADVANCED property for variable: CMAKE_CXX_FLAGS
CMAKE_CXX_FLAGS-ADVANCED:INTERNAL=1
//ADVANCED property for variable: CMAKE_CXX_FLAGS_DEBUG
CMAKE_CXX_FLAGS_DEBUG-ADVANCED:INTERNAL=1
//ADVANCED property for variable: CMAKE_CXX_FLAGS_MINSIZEREL
CMAKE_CXX_FLAGS_MINSIZEREL-ADVANCED:INTERNAL=1
//ADVANCED property for variable: CMAKE_CXX_FLAGS_RELEASE
CMAKE_CXX_FLAGS_RELEASE-ADVANCED:INTERNAL=1
//ADVANCED property for variable: CMAKE_CXX_FLAGS_RELWITHDEBINFO
CMAKE_CXX_FLAGS_RELWITHDEBINFO-ADVANCED:INTERNAL=1
//ADVANCED property for variable: CMAKE_DLLTOOL
CMAKE_DLLTOOL-ADVANCED:INTERNAL=1
//Path to cache edit program executable.
CMAKE_EDIT_COMMAND:INTERNAL=/opt/homebrew/Cellar/cmake/3.27.7/bin/ccmake
//Executable file format
CMAKE_EXECUTABLE_FORMAT:INTERNAL=MACHO
//ADVANCED property for variable: CMAKE_EXE_LINKER_FLAGS
CMAKE_EXE_LINKER_FLAGS-ADVANCED:INTERNAL=1
//ADVANCED property for variable: CMAKE_EXE_LINKER_FLAGS_DEBUG
CMAKE_EXE_LINKER_FLAGS_DEBUG-ADVANCED:INTERNAL=1
//ADVANCED property for variable: CMAKE_EXE_LINKER_FLAGS_MINSIZEREL
CMAKE_EXE_LINKER_FLAGS_MINSIZEREL-ADVANCED:INTERNAL=1
//ADVANCED property for variable: CMAKE_EXE_LINKER_FLAGS_RELEASE
CMAKE_EXE_LINKER_FLAGS_RELEASE-ADVANCED:INTERNAL=1
//ADVANCED property for variable: CMAKE_EXE_LINKER_FLAGS_RELWITHDEBINFO
CMAKE_EXE_LINKER_FLAGS_RELWITHDEBINFO-ADVANCED:INTERNAL=1
//ADVANCED property for variable: CMAKE_EXPORT_COMPILE_COMMANDS
CMAKE_EXPORT_COMPILE_COMMANDS-ADVANCED:INTERNAL=1
//Name of external makefile project generator.
CMAKE_EXTRA_GENERATOR:INTERNAL=
//Name of generator.
CMAKE_GENERATOR:INTERNAL=Unix Makefiles
//Generator instance identifier.
CMAKE_GENERATOR_INSTANCE:INTERNAL=
//Name of generator platform.
CMAKE_GENERATOR_PLATFORM:INTERNAL=
//Name of generator toolset.
CMAKE_GENERATOR_TOOLSET:INTERNAL=
//Source directory with the top level CMakeLists.txt file for this
// project
CMAKE_HOME_DIRECTORY:INTERNAL=/Users/wlruys/syncthing/workspace/scikit-build/test_project
//ADVANCED property for variable: CMAKE_INSTALL_NAME_TOOL
CMAKE_INSTALL_NAME_TOOL-ADVANCED:INTERNAL=1
//ADVANCED property for variable: CMAKE_LINKER
CMAKE_LINKER-ADVANCED:INTERNAL=1
//ADVANCED property for variable: CMAKE_MODULE_LINKER_FLAGS
CMAKE_MODULE_LINKER_FLAGS-ADVANCED:INTERNAL=1
//ADVANCED property for variable: CMAKE_MODULE_LINKER_FLAGS_DEBUG
CMAKE_MODULE_LINKER_FLAGS_DEBUG-ADVANCED:INTERNAL=1
//ADVANCED property for variable: CMAKE_MODULE_LINKER_FLAGS_MINSIZEREL
CMAKE_MODULE_LINKER_FLAGS_MINSIZEREL-ADVANCED:INTERNAL=1
//ADVANCED property for variable: CMAKE_MODULE_LINKER_FLAGS_RELEASE
CMAKE_MODULE_LINKER_FLAGS_RELEASE-ADVANCED:INTERNAL=1
//ADVANCED property for variable: CMAKE_MODULE_LINKER_FLAGS_RELWITHDEBINFO
CMAKE_MODULE_LINKER_FLAGS_RELWITHDEBINFO-ADVANCED:INTERNAL=1
//ADVANCED property for variable: CMAKE_NM
CMAKE_NM-ADVANCED:INTERNAL=1
//number of local generators
CMAKE_NUMBER_OF_MAKEFILES:INTERNAL=3
//ADVANCED property for variable: CMAKE_OBJCOPY
CMAKE_OBJCOPY-ADVANCED:INTERNAL=1
//ADVANCED property for variable: CMAKE_OBJDUMP
CMAKE_OBJDUMP-ADVANCED:INTERNAL=1
//Platform information initialized
CMAKE_PLATFORM_INFO_INITIALIZED:INTERNAL=1
//ADVANCED property for variable: CMAKE_RANLIB
CMAKE_RANLIB-ADVANCED:INTERNAL=1
//ADVANCED property for variable: CMAKE_READELF
CMAKE_READELF-ADVANCED:INTERNAL=1
//Path to CMake installation.
CMAKE_ROOT:INTERNAL=/opt/homebrew/Cellar/cmake/3.27.7/share/cmake
//ADVANCED property for variable: CMAKE_SHARED_LINKER_FLAGS
CMAKE_SHARED_LINKER_FLAGS-ADVANCED:INTERNAL=1
//ADVANCED property for variable: CMAKE_SHARED_LINKER_FLAGS_DEBUG
CMAKE_SHARED_LINKER_FLAGS_DEBUG-ADVANCED:INTERNAL=1
//ADVANCED property for variable: CMAKE_SHARED_LINKER_FLAGS_MINSIZEREL
CMAKE_SHARED_LINKER_FLAGS_MINSIZEREL-ADVANCED:INTERNAL=1
//ADVANCED property for variable: CMAKE_SHARED_LINKER_FLAGS_RELEASE
CMAKE_SHARED_LINKER_FLAGS_RELEASE-ADVANCED:INTERNAL=1
//ADVANCED property for variable: CMAKE_SHARED_LINKER_FLAGS_RELWITHDEBINFO
CMAKE_SHARED_LINKER_FLAGS_RELWITHDEBINFO-ADVANCED:INTERNAL=1
//ADVANCED property for variable: CMAKE_SKIP_INSTALL_RPATH
CMAKE_SKIP_INSTALL_RPATH-ADVANCED:INTERNAL=1
//ADVANCED property for variable: CMAKE_SKIP_RPATH
CMAKE_SKIP_RPATH-ADVANCED:INTERNAL=1
//ADVANCED property for variable: CMAKE_STATIC_LINKER_FLAGS
CMAKE_STATIC_LINKER_FLAGS-ADVANCED:INTERNAL=1
//ADVANCED property for variable: CMAKE_STATIC_LINKER_FLAGS_DEBUG
CMAKE_STATIC_LINKER_FLAGS_DEBUG-ADVANCED:INTERNAL=1
//ADVANCED property for variable: CMAKE_STATIC_LINKER_FLAGS_MINSIZEREL
CMAKE_STATIC_LINKER_FLAGS_MINSIZEREL-ADVANCED:INTERNAL=1
//ADVANCED property for variable: CMAKE_STATIC_LINKER_FLAGS_RELEASE
CMAKE_STATIC_LINKER_FLAGS_RELEASE-ADVANCED:INTERNAL=1
//ADVANCED property for variable: CMAKE_STATIC_LINKER_FLAGS_RELWITHDEBINFO
CMAKE_STATIC_LINKER_FLAGS_RELWITHDEBINFO-ADVANCED:INTERNAL=1
//ADVANCED property for variable: CMAKE_STRIP
CMAKE_STRIP-ADVANCED:INTERNAL=1
//ADVANCED property for variable: CMAKE_TAPI
CMAKE_TAPI-ADVANCED:INTERNAL=1
//uname command
CMAKE_UNAME:INTERNAL=/usr/bin/uname
//ADVANCED property for variable: CMAKE_VERBOSE_MAKEFILE
CMAKE_VERBOSE_MAKEFILE-ADVANCED:INTERNAL=1
//Details about finding Python
FIND_PACKAGE_MESSAGE_DETAILS_Python:INTERNAL=[/Users/wlruys/micromamba/envs/311/bin/python3.11][/Users/wlruys/micromamba/envs/311/include/python3.11][cfound components: Interpreter Development.Module ][v3.11.0()]
//Compiler reason failure
_Python_Compiler_REASON_FAILURE:INTERNAL=
_Python_DEVELOPMENT_MODULE_SIGNATURE:INTERNAL=7c166c0fd09bcab17ae24510a3d42c55
//Development reason failure
_Python_Development_REASON_FAILURE:INTERNAL=
_Python_EXECUTABLE:INTERNAL=/Users/wlruys/micromamba/envs/311/bin/python3.11
_Python_INCLUDE_DIR:INTERNAL=/Users/wlruys/micromamba/envs/311/include/python3.11
//Python Properties
_Python_INTERPRETER_PROPERTIES:INTERNAL=Python;3;11;0;64;;cpython-311-darwin;abi3;/Users/wlruys/micromamba/envs/311/lib/python3.11;/Users/wlruys/micromamba/envs/311/lib/python3.11;/Users/wlruys/micromamba/envs/311/lib/python3.11/site-packages;/Users/wlruys/micromamba/envs/311/lib/python3.11/site-packages
_Python_INTERPRETER_SIGNATURE:INTERNAL=1c50461475637b4f787a130cce5b24fa
//NumPy reason failure
_Python_NumPy_REASON_FAILURE:INTERNAL=

